2024-02-01T10:01:24.728+09:00  INFO 22580 --- [restartedMain] project.lms.LmsApplication               : Starting LmsApplication using Java 17.0.8.1 with PID 22580 (C:\Users\admin\Desktop\LMSproject\lms\target\classes started by admin in C:\Users\admin\Desktop\LMSproject\lms)
2024-02-01T10:01:24.729+09:00  INFO 22580 --- [restartedMain] project.lms.LmsApplication               : No active profile set, falling back to 1 default profile: "default"
2024-02-01T10:01:25.037+09:00  INFO 22580 --- [restartedMain] .s.d.r.c.RepositoryConfigurationDelegate : Bootstrapping Spring Data JPA repositories in DEFAULT mode.
2024-02-01T10:01:25.109+09:00  INFO 22580 --- [restartedMain] .s.d.r.c.RepositoryConfigurationDelegate : Finished Spring Data repository scanning in 71 ms. Found 16 JPA repository interfaces.
2024-02-01T10:01:25.205+09:00  INFO 22580 --- [restartedMain] o.s.b.w.embedded.tomcat.TomcatWebServer  : Tomcat initialized with port 8080 (http)
2024-02-01T10:01:25.206+09:00  INFO 22580 --- [restartedMain] o.apache.catalina.core.StandardService   : Starting service [Tomcat]
2024-02-01T10:01:25.206+09:00  INFO 22580 --- [restartedMain] o.apache.catalina.core.StandardEngine    : Starting Servlet engine: [Apache Tomcat/10.1.17]
2024-02-01T10:01:25.248+09:00  INFO 22580 --- [restartedMain] o.a.c.c.C.[Tomcat].[localhost].[/]       : Initializing Spring embedded WebApplicationContext
2024-02-01T10:01:25.248+09:00  INFO 22580 --- [restartedMain] w.s.c.ServletWebServerApplicationContext : Root WebApplicationContext: initialization completed in 517 ms
2024-02-01T10:01:25.286+09:00  INFO 22580 --- [restartedMain] o.hibernate.jpa.internal.util.LogHelper  : HHH000204: Processing PersistenceUnitInfo [name: default]
2024-02-01T10:01:25.292+09:00  INFO 22580 --- [restartedMain] o.h.c.internal.RegionFactoryInitiator    : HHH000026: Second-level cache disabled
2024-02-01T10:01:25.304+09:00  INFO 22580 --- [restartedMain] o.s.o.j.p.SpringPersistenceUnitInfo      : No LoadTimeWeaver setup: ignoring JPA class transformer
2024-02-01T10:01:25.306+09:00  INFO 22580 --- [restartedMain] com.zaxxer.hikari.HikariDataSource       : HikariPool-15 - Starting...
2024-02-01T10:01:25.316+09:00  INFO 22580 --- [restartedMain] com.zaxxer.hikari.pool.HikariPool        : HikariPool-15 - Added connection com.mysql.cj.jdbc.ConnectionImpl@3ec9e885
2024-02-01T10:01:25.317+09:00  INFO 22580 --- [restartedMain] com.zaxxer.hikari.HikariDataSource       : HikariPool-15 - Start completed.
2024-02-01T10:01:25.319+09:00  WARN 22580 --- [restartedMain] org.hibernate.orm.deprecation            : HHH90000025: MySQLDialect does not need to be specified explicitly using 'hibernate.dialect' (remove the property setting and it will be selected by default)
2024-02-01T10:01:25.579+09:00  INFO 22580 --- [restartedMain] o.h.e.t.j.p.i.JtaPlatformInitiator       : HHH000489: No JTA platform available (set 'hibernate.transaction.jta.platform' to enable JTA platform integration)
2024-02-01T10:01:25.839+09:00  INFO 22580 --- [restartedMain] j.LocalContainerEntityManagerFactoryBean : Initialized JPA EntityManagerFactory for persistence unit 'default'
2024-02-01T10:01:26.185+09:00  WARN 22580 --- [restartedMain] JpaBaseConfiguration$JpaWebConfiguration : spring.jpa.open-in-view is enabled by default. Therefore, database queries may be performed during view rendering. Explicitly configure spring.jpa.open-in-view to disable this warning
2024-02-01T10:01:26.251+09:00  INFO 22580 --- [restartedMain] o.s.s.web.DefaultSecurityFilterChain     : Will secure any request with [org.springframework.security.web.session.DisableEncodeUrlFilter@2123745a, org.springframework.security.web.context.request.async.WebAsyncManagerIntegrationFilter@2b690e19, org.springframework.security.web.context.SecurityContextHolderFilter@7a765167, org.springframework.security.web.header.HeaderWriterFilter@6e1bb6c6, org.springframework.web.filter.CorsFilter@2bdb229, org.springframework.security.web.authentication.logout.LogoutFilter@7ebf248, project.lms.jwt.JwtFilter@6ed784de, org.springframework.security.web.authentication.UsernamePasswordAuthenticationFilter@7982b090, org.springframework.security.web.savedrequest.RequestCacheAwareFilter@70795bdf, org.springframework.security.web.servletapi.SecurityContextHolderAwareRequestFilter@43677e90, org.springframework.security.web.authentication.AnonymousAuthenticationFilter@54ecacfa, org.springframework.security.web.session.SessionManagementFilter@3a96d47d, org.springframework.security.web.access.ExceptionTranslationFilter@1f82b0f6, org.springframework.security.web.access.intercept.AuthorizationFilter@459d8c19]
2024-02-01T10:01:26.312+09:00  INFO 22580 --- [restartedMain] o.s.b.d.a.OptionalLiveReloadServer       : LiveReload server is running on port 35729
2024-02-01T10:01:26.323+09:00  INFO 22580 --- [restartedMain] o.s.b.w.embedded.tomcat.TomcatWebServer  : Tomcat started on port 8080 (http) with context path ''
2024-02-01T10:01:26.326+09:00  INFO 22580 --- [restartedMain] project.lms.LmsApplication               : Started LmsApplication in 1.654 seconds (process running for 2153.29)
2024-02-01T10:01:26.327+09:00  INFO 22580 --- [restartedMain] .ConditionEvaluationDeltaLoggingListener : Condition evaluation unchanged
2024-02-01T10:02:04.820+09:00  INFO 22580 --- [File Watcher] rtingClassPathChangeChangedEventListener : Restarting due to 1 class path change (0 additions, 0 deletions, 1 modification)
2024-02-01T10:02:04.871+09:00  INFO 22580 --- [Thread-59] j.LocalContainerEntityManagerFactoryBean : Closing JPA EntityManagerFactory for persistence unit 'default'
2024-02-01T10:02:04.872+09:00  INFO 22580 --- [Thread-59] com.zaxxer.hikari.HikariDataSource       : HikariPool-15 - Shutdown initiated...
2024-02-01T10:02:04.878+09:00  INFO 22580 --- [Thread-59] com.zaxxer.hikari.HikariDataSource       : HikariPool-15 - Shutdown completed.
2024-02-01T10:02:04.988+09:00  INFO 22580 --- [restartedMain] project.lms.LmsApplication               : Starting LmsApplication using Java 17.0.8.1 with PID 22580 (C:\Users\admin\Desktop\LMSproject\lms\target\classes started by admin in C:\Users\admin\Desktop\LMSproject\lms)
2024-02-01T10:02:04.989+09:00  INFO 22580 --- [restartedMain] project.lms.LmsApplication               : No active profile set, falling back to 1 default profile: "default"
2024-02-01T10:02:05.281+09:00  INFO 22580 --- [restartedMain] .s.d.r.c.RepositoryConfigurationDelegate : Bootstrapping Spring Data JPA repositories in DEFAULT mode.
2024-02-01T10:02:05.339+09:00  INFO 22580 --- [restartedMain] .s.d.r.c.RepositoryConfigurationDelegate : Finished Spring Data repository scanning in 58 ms. Found 16 JPA repository interfaces.
2024-02-01T10:02:05.439+09:00  INFO 22580 --- [restartedMain] o.s.b.w.embedded.tomcat.TomcatWebServer  : Tomcat initialized with port 8080 (http)
2024-02-01T10:02:05.441+09:00  INFO 22580 --- [restartedMain] o.apache.catalina.core.StandardService   : Starting service [Tomcat]
2024-02-01T10:02:05.441+09:00  INFO 22580 --- [restartedMain] o.apache.catalina.core.StandardEngine    : Starting Servlet engine: [Apache Tomcat/10.1.17]
2024-02-01T10:02:05.482+09:00  INFO 22580 --- [restartedMain] o.a.c.c.C.[Tomcat].[localhost].[/]       : Initializing Spring embedded WebApplicationContext
2024-02-01T10:02:05.482+09:00  INFO 22580 --- [restartedMain] w.s.c.ServletWebServerApplicationContext : Root WebApplicationContext: initialization completed in 491 ms
2024-02-01T10:02:05.517+09:00  INFO 22580 --- [restartedMain] o.hibernate.jpa.internal.util.LogHelper  : HHH000204: Processing PersistenceUnitInfo [name: default]
2024-02-01T10:02:05.523+09:00  INFO 22580 --- [restartedMain] o.h.c.internal.RegionFactoryInitiator    : HHH000026: Second-level cache disabled
2024-02-01T10:02:05.533+09:00  INFO 22580 --- [restartedMain] o.s.o.j.p.SpringPersistenceUnitInfo      : No LoadTimeWeaver setup: ignoring JPA class transformer
2024-02-01T10:02:05.536+09:00  INFO 22580 --- [restartedMain] com.zaxxer.hikari.HikariDataSource       : HikariPool-16 - Starting...
2024-02-01T10:02:05.545+09:00  INFO 22580 --- [restartedMain] com.zaxxer.hikari.pool.HikariPool        : HikariPool-16 - Added connection com.mysql.cj.jdbc.ConnectionImpl@5b9c095e
2024-02-01T10:02:05.546+09:00  INFO 22580 --- [restartedMain] com.zaxxer.hikari.HikariDataSource       : HikariPool-16 - Start completed.
2024-02-01T10:02:05.547+09:00  WARN 22580 --- [restartedMain] org.hibernate.orm.deprecation            : HHH90000025: MySQLDialect does not need to be specified explicitly using 'hibernate.dialect' (remove the property setting and it will be selected by default)
2024-02-01T10:02:05.718+09:00  INFO 22580 --- [restartedMain] o.h.e.t.j.p.i.JtaPlatformInitiator       : HHH000489: No JTA platform available (set 'hibernate.transaction.jta.platform' to enable JTA platform integration)
2024-02-01T10:02:05.904+09:00  INFO 22580 --- [restartedMain] j.LocalContainerEntityManagerFactoryBean : Initialized JPA EntityManagerFactory for persistence unit 'default'
2024-02-01T10:02:06.154+09:00  WARN 22580 --- [restartedMain] JpaBaseConfiguration$JpaWebConfiguration : spring.jpa.open-in-view is enabled by default. Therefore, database queries may be performed during view rendering. Explicitly configure spring.jpa.open-in-view to disable this warning
2024-02-01T10:02:06.221+09:00  INFO 22580 --- [restartedMain] o.s.s.web.DefaultSecurityFilterChain     : Will secure any request with [org.springframework.security.web.session.DisableEncodeUrlFilter@dd3a5c3, org.springframework.security.web.context.request.async.WebAsyncManagerIntegrationFilter@4074f0a5, org.springframework.security.web.context.SecurityContextHolderFilter@6ce41eeb, org.springframework.security.web.header.HeaderWriterFilter@22089121, org.springframework.web.filter.CorsFilter@f3d598a, org.springframework.security.web.authentication.logout.LogoutFilter@658bd183, project.lms.jwt.JwtFilter@42f580e4, org.springframework.security.web.authentication.UsernamePasswordAuthenticationFilter@36ef7d54, org.springframework.security.web.savedrequest.RequestCacheAwareFilter@49f510d0, org.springframework.security.web.servletapi.SecurityContextHolderAwareRequestFilter@2f120156, org.springframework.security.web.authentication.AnonymousAuthenticationFilter@5218d8c4, org.springframework.security.web.session.SessionManagementFilter@7daf6de5, org.springframework.security.web.access.ExceptionTranslationFilter@6088b790, org.springframework.security.web.access.intercept.AuthorizationFilter@3bbe8716]
2024-02-01T10:02:06.286+09:00  INFO 22580 --- [restartedMain] o.s.b.d.a.OptionalLiveReloadServer       : LiveReload server is running on port 35729
2024-02-01T10:02:06.295+09:00  INFO 22580 --- [restartedMain] o.s.b.w.embedded.tomcat.TomcatWebServer  : Tomcat started on port 8080 (http) with context path ''
2024-02-01T10:02:06.297+09:00  INFO 22580 --- [restartedMain] project.lms.LmsApplication               : Started LmsApplication in 1.342 seconds (process running for 2193.261)
2024-02-01T10:02:06.298+09:00  INFO 22580 --- [restartedMain] .ConditionEvaluationDeltaLoggingListener : Condition evaluation unchanged
2024-02-01T10:02:09.021+09:00  INFO 22580 --- [File Watcher] rtingClassPathChangeChangedEventListener : Restarting due to 1 class path change (0 additions, 0 deletions, 1 modification)
2024-02-01T10:02:09.061+09:00  INFO 22580 --- [Thread-63] j.LocalContainerEntityManagerFactoryBean : Closing JPA EntityManagerFactory for persistence unit 'default'
2024-02-01T10:02:09.062+09:00  INFO 22580 --- [Thread-63] com.zaxxer.hikari.HikariDataSource       : HikariPool-16 - Shutdown initiated...
2024-02-01T10:02:09.069+09:00  INFO 22580 --- [Thread-63] com.zaxxer.hikari.HikariDataSource       : HikariPool-16 - Shutdown completed.
2024-02-01T10:02:09.172+09:00  INFO 22580 --- [restartedMain] project.lms.LmsApplication               : Starting LmsApplication using Java 17.0.8.1 with PID 22580 (C:\Users\admin\Desktop\LMSproject\lms\target\classes started by admin in C:\Users\admin\Desktop\LMSproject\lms)
2024-02-01T10:02:09.172+09:00  INFO 22580 --- [restartedMain] project.lms.LmsApplication               : No active profile set, falling back to 1 default profile: "default"
2024-02-01T10:02:09.479+09:00  INFO 22580 --- [restartedMain] .s.d.r.c.RepositoryConfigurationDelegate : Bootstrapping Spring Data JPA repositories in DEFAULT mode.
2024-02-01T10:02:09.538+09:00  INFO 22580 --- [restartedMain] .s.d.r.c.RepositoryConfigurationDelegate : Finished Spring Data repository scanning in 59 ms. Found 16 JPA repository interfaces.
2024-02-01T10:02:09.619+09:00  INFO 22580 --- [restartedMain] o.s.b.w.embedded.tomcat.TomcatWebServer  : Tomcat initialized with port 8080 (http)
2024-02-01T10:02:09.620+09:00  INFO 22580 --- [restartedMain] o.apache.catalina.core.StandardService   : Starting service [Tomcat]
2024-02-01T10:02:09.620+09:00  INFO 22580 --- [restartedMain] o.apache.catalina.core.StandardEngine    : Starting Servlet engine: [Apache Tomcat/10.1.17]
2024-02-01T10:02:09.659+09:00  INFO 22580 --- [restartedMain] o.a.c.c.C.[Tomcat].[localhost].[/]       : Initializing Spring embedded WebApplicationContext
2024-02-01T10:02:09.659+09:00  INFO 22580 --- [restartedMain] w.s.c.ServletWebServerApplicationContext : Root WebApplicationContext: initialization completed in 484 ms
2024-02-01T10:02:09.689+09:00  INFO 22580 --- [restartedMain] o.hibernate.jpa.internal.util.LogHelper  : HHH000204: Processing PersistenceUnitInfo [name: default]
2024-02-01T10:02:09.695+09:00  INFO 22580 --- [restartedMain] o.h.c.internal.RegionFactoryInitiator    : HHH000026: Second-level cache disabled
2024-02-01T10:02:09.704+09:00  INFO 22580 --- [restartedMain] o.s.o.j.p.SpringPersistenceUnitInfo      : No LoadTimeWeaver setup: ignoring JPA class transformer
2024-02-01T10:02:09.706+09:00  INFO 22580 --- [restartedMain] com.zaxxer.hikari.HikariDataSource       : HikariPool-17 - Starting...
2024-02-01T10:02:09.715+09:00  INFO 22580 --- [restartedMain] com.zaxxer.hikari.pool.HikariPool        : HikariPool-17 - Added connection com.mysql.cj.jdbc.ConnectionImpl@6317af59
2024-02-01T10:02:09.715+09:00  INFO 22580 --- [restartedMain] com.zaxxer.hikari.HikariDataSource       : HikariPool-17 - Start completed.
2024-02-01T10:02:09.716+09:00  WARN 22580 --- [restartedMain] org.hibernate.orm.deprecation            : HHH90000025: MySQLDialect does not need to be specified explicitly using 'hibernate.dialect' (remove the property setting and it will be selected by default)
2024-02-01T10:02:09.857+09:00  INFO 22580 --- [restartedMain] o.h.e.t.j.p.i.JtaPlatformInitiator       : HHH000489: No JTA platform available (set 'hibernate.transaction.jta.platform' to enable JTA platform integration)
2024-02-01T10:02:10.012+09:00  INFO 22580 --- [restartedMain] j.LocalContainerEntityManagerFactoryBean : Initialized JPA EntityManagerFactory for persistence unit 'default'
2024-02-01T10:02:10.251+09:00  WARN 22580 --- [restartedMain] JpaBaseConfiguration$JpaWebConfiguration : spring.jpa.open-in-view is enabled by default. Therefore, database queries may be performed during view rendering. Explicitly configure spring.jpa.open-in-view to disable this warning
2024-02-01T10:02:10.310+09:00  INFO 22580 --- [restartedMain] o.s.s.web.DefaultSecurityFilterChain     : Will secure any request with [org.springframework.security.web.session.DisableEncodeUrlFilter@178775a0, org.springframework.security.web.context.request.async.WebAsyncManagerIntegrationFilter@53ee5d12, org.springframework.security.web.context.SecurityContextHolderFilter@7b5905aa, org.springframework.security.web.header.HeaderWriterFilter@f4f0908, org.springframework.web.filter.CorsFilter@3d5638dc, org.springframework.security.web.authentication.logout.LogoutFilter@6811e095, project.lms.jwt.JwtFilter@6449473b, org.springframework.security.web.authentication.UsernamePasswordAuthenticationFilter@70f53663, org.springframework.security.web.savedrequest.RequestCacheAwareFilter@78bd2d57, org.springframework.security.web.servletapi.SecurityContextHolderAwareRequestFilter@f4d7c01, org.springframework.security.web.authentication.AnonymousAuthenticationFilter@48cf0467, org.springframework.security.web.session.SessionManagementFilter@f8b6880, org.springframework.security.web.access.ExceptionTranslationFilter@2ce5e046, org.springframework.security.web.access.intercept.AuthorizationFilter@1d1e791a]
2024-02-01T10:02:10.356+09:00  INFO 22580 --- [restartedMain] o.s.b.d.a.OptionalLiveReloadServer       : LiveReload server is running on port 35729
2024-02-01T10:02:10.366+09:00  INFO 22580 --- [restartedMain] o.s.b.w.embedded.tomcat.TomcatWebServer  : Tomcat started on port 8080 (http) with context path ''
2024-02-01T10:02:10.370+09:00  INFO 22580 --- [restartedMain] project.lms.LmsApplication               : Started LmsApplication in 1.228 seconds (process running for 2197.334)
2024-02-01T10:02:10.371+09:00  INFO 22580 --- [restartedMain] .ConditionEvaluationDeltaLoggingListener : Condition evaluation unchanged
2024-02-01T10:02:26.271+09:00  INFO 22580 --- [File Watcher] rtingClassPathChangeChangedEventListener : Restarting due to 1 class path change (0 additions, 0 deletions, 1 modification)
2024-02-01T10:02:26.286+09:00  INFO 22580 --- [Thread-67] j.LocalContainerEntityManagerFactoryBean : Closing JPA EntityManagerFactory for persistence unit 'default'
2024-02-01T10:02:26.287+09:00  INFO 22580 --- [Thread-67] com.zaxxer.hikari.HikariDataSource       : HikariPool-17 - Shutdown initiated...
2024-02-01T10:02:26.291+09:00  INFO 22580 --- [Thread-67] com.zaxxer.hikari.HikariDataSource       : HikariPool-17 - Shutdown completed.
2024-02-01T10:02:26.398+09:00  INFO 22580 --- [restartedMain] project.lms.LmsApplication               : Starting LmsApplication using Java 17.0.8.1 with PID 22580 (C:\Users\admin\Desktop\LMSproject\lms\target\classes started by admin in C:\Users\admin\Desktop\LMSproject\lms)
2024-02-01T10:02:26.398+09:00  INFO 22580 --- [restartedMain] project.lms.LmsApplication               : No active profile set, falling back to 1 default profile: "default"
2024-02-01T10:02:26.711+09:00  INFO 22580 --- [restartedMain] .s.d.r.c.RepositoryConfigurationDelegate : Bootstrapping Spring Data JPA repositories in DEFAULT mode.
2024-02-01T10:02:26.777+09:00  INFO 22580 --- [restartedMain] .s.d.r.c.RepositoryConfigurationDelegate : Finished Spring Data repository scanning in 65 ms. Found 16 JPA repository interfaces.
2024-02-01T10:02:26.870+09:00  INFO 22580 --- [restartedMain] o.s.b.w.embedded.tomcat.TomcatWebServer  : Tomcat initialized with port 8080 (http)
2024-02-01T10:02:26.871+09:00  INFO 22580 --- [restartedMain] o.apache.catalina.core.StandardService   : Starting service [Tomcat]
2024-02-01T10:02:26.871+09:00  INFO 22580 --- [restartedMain] o.apache.catalina.core.StandardEngine    : Starting Servlet engine: [Apache Tomcat/10.1.17]
2024-02-01T10:02:26.911+09:00  INFO 22580 --- [restartedMain] o.a.c.c.C.[Tomcat].[localhost].[/]       : Initializing Spring embedded WebApplicationContext
2024-02-01T10:02:26.911+09:00  INFO 22580 --- [restartedMain] w.s.c.ServletWebServerApplicationContext : Root WebApplicationContext: initialization completed in 511 ms
2024-02-01T10:02:26.942+09:00  INFO 22580 --- [restartedMain] o.hibernate.jpa.internal.util.LogHelper  : HHH000204: Processing PersistenceUnitInfo [name: default]
2024-02-01T10:02:26.950+09:00  INFO 22580 --- [restartedMain] o.h.c.internal.RegionFactoryInitiator    : HHH000026: Second-level cache disabled
2024-02-01T10:02:26.960+09:00  INFO 22580 --- [restartedMain] o.s.o.j.p.SpringPersistenceUnitInfo      : No LoadTimeWeaver setup: ignoring JPA class transformer
2024-02-01T10:02:26.961+09:00  INFO 22580 --- [restartedMain] com.zaxxer.hikari.HikariDataSource       : HikariPool-18 - Starting...
2024-02-01T10:02:26.971+09:00  INFO 22580 --- [restartedMain] com.zaxxer.hikari.pool.HikariPool        : HikariPool-18 - Added connection com.mysql.cj.jdbc.ConnectionImpl@507bf234
2024-02-01T10:02:26.971+09:00  INFO 22580 --- [restartedMain] com.zaxxer.hikari.HikariDataSource       : HikariPool-18 - Start completed.
2024-02-01T10:02:26.972+09:00  WARN 22580 --- [restartedMain] org.hibernate.orm.deprecation            : HHH90000025: MySQLDialect does not need to be specified explicitly using 'hibernate.dialect' (remove the property setting and it will be selected by default)
2024-02-01T10:02:27.136+09:00  INFO 22580 --- [restartedMain] o.h.e.t.j.p.i.JtaPlatformInitiator       : HHH000489: No JTA platform available (set 'hibernate.transaction.jta.platform' to enable JTA platform integration)
2024-02-01T10:02:27.316+09:00  INFO 22580 --- [restartedMain] j.LocalContainerEntityManagerFactoryBean : Initialized JPA EntityManagerFactory for persistence unit 'default'
2024-02-01T10:02:27.612+09:00  WARN 22580 --- [restartedMain] JpaBaseConfiguration$JpaWebConfiguration : spring.jpa.open-in-view is enabled by default. Therefore, database queries may be performed during view rendering. Explicitly configure spring.jpa.open-in-view to disable this warning
2024-02-01T10:02:27.693+09:00  INFO 22580 --- [restartedMain] o.s.s.web.DefaultSecurityFilterChain     : Will secure any request with [org.springframework.security.web.session.DisableEncodeUrlFilter@55f55366, org.springframework.security.web.context.request.async.WebAsyncManagerIntegrationFilter@67599ead, org.springframework.security.web.context.SecurityContextHolderFilter@2f92ebb8, org.springframework.security.web.header.HeaderWriterFilter@578b1175, org.springframework.web.filter.CorsFilter@7b5406d9, org.springframework.security.web.authentication.logout.LogoutFilter@204655a5, project.lms.jwt.JwtFilter@5a13dac9, org.springframework.security.web.authentication.UsernamePasswordAuthenticationFilter@470cdd5f, org.springframework.security.web.savedrequest.RequestCacheAwareFilter@4ccc7e57, org.springframework.security.web.servletapi.SecurityContextHolderAwareRequestFilter@4343de02, org.springframework.security.web.authentication.AnonymousAuthenticationFilter@2502dc8e, org.springframework.security.web.session.SessionManagementFilter@7485e587, org.springframework.security.web.access.ExceptionTranslationFilter@46d4ad30, org.springframework.security.web.access.intercept.AuthorizationFilter@5239c50a]
2024-02-01T10:02:27.783+09:00  INFO 22580 --- [restartedMain] o.s.b.d.a.OptionalLiveReloadServer       : LiveReload server is running on port 35729
2024-02-01T10:02:27.795+09:00  INFO 22580 --- [restartedMain] o.s.b.w.embedded.tomcat.TomcatWebServer  : Tomcat started on port 8080 (http) with context path ''
2024-02-01T10:02:27.798+09:00  INFO 22580 --- [restartedMain] project.lms.LmsApplication               : Started LmsApplication in 1.431 seconds (process running for 2214.762)
2024-02-01T10:02:27.799+09:00  INFO 22580 --- [restartedMain] .ConditionEvaluationDeltaLoggingListener : Condition evaluation unchanged
2024-02-01T10:03:35.435+09:00  INFO 22580 --- [File Watcher] rtingClassPathChangeChangedEventListener : Restarting due to 1 class path change (0 additions, 0 deletions, 1 modification)
2024-02-01T10:03:35.484+09:00  INFO 22580 --- [Thread-71] j.LocalContainerEntityManagerFactoryBean : Closing JPA EntityManagerFactory for persistence unit 'default'
2024-02-01T10:03:35.485+09:00  INFO 22580 --- [Thread-71] com.zaxxer.hikari.HikariDataSource       : HikariPool-18 - Shutdown initiated...
2024-02-01T10:03:35.496+09:00  INFO 22580 --- [Thread-71] com.zaxxer.hikari.HikariDataSource       : HikariPool-18 - Shutdown completed.
